<?xml version="1.0" encoding="UTF-8"?>
<!-- Generated by org.testng.reporters.JUnitReportReporter -->
<testsuite hostname="Prathameshs-MacBook-Pro.local" failures="0" tests="3" name="com.salesforceselenium.in.Pages.TestPage" time="12.358" errors="0" timestamp="2024-08-01T23:47:03 CEST" skipped="1">
  <testcase classname="com.salesforceselenium.in.Pages.TestPage" name="Test1" time="12.010"/>
  <testcase classname="com.salesforceselenium.in.Pages.TestPage" name="Test3" time="0.348"/>
  <testcase classname="com.salesforceselenium.in.Pages.TestPage" name="Test2">
    <skipped/>
  </testcase> <!-- Test2 -->
</testsuite> <!-- com.salesforceselenium.in.Pages.TestPage -->
