<?xml version="1.0" encoding="UTF-8"?>
<testsuite xmlns:xsi="http://www.w3.org/2001/XMLSchema-instance" xsi:noNamespaceSchemaLocation="https://maven.apache.org/surefire/maven-surefire-plugin/xsd/surefire-test-report.xsd" name="TestSuite" time="25.361" tests="7" errors="0" skipped="0" failures="0">
  <properties>
    <property name="java.specification.version" value="21"/>
    <property name="sun.jnu.encoding" value="UTF-8"/>
    <property name="java.class.path" value="/Users/prathameshpatil/Desktop/Test folder/JavaSelenium/saledemo/target/test-classes:/Users/prathameshpatil/Desktop/Test folder/JavaSelenium/saledemo/target/classes:/Users/prathameshpatil/.m2/repository/junit/junit/4.11/junit-4.11.jar:/Users/prathameshpatil/.m2/repository/org/hamcrest/hamcrest-core/1.3/hamcrest-core-1.3.jar:/Users/prathameshpatil/.m2/repository/io/github/bonigarcia/webdrivermanager/5.5.3/webdrivermanager-5.5.3.jar:/Users/prathameshpatil/.m2/repository/org/slf4j/slf4j-api/2.0.7/slf4j-api-2.0.7.jar:/Users/prathameshpatil/.m2/repository/com/google/code/gson/gson/2.10.1/gson-2.10.1.jar:/Users/prathameshpatil/.m2/repository/com/github/docker-java/docker-java/3.3.3/docker-java-3.3.3.jar:/Users/prathameshpatil/.m2/repository/com/github/docker-java/docker-java-core/3.3.3/docker-java-core-3.3.3.jar:/Users/prathameshpatil/.m2/repository/com/github/docker-java/docker-java-api/3.3.3/docker-java-api-3.3.3.jar:/Users/prathameshpatil/.m2/repository/com/fasterxml/jackson/core/jackson-annotations/2.10.3/jackson-annotations-2.10.3.jar:/Users/prathameshpatil/.m2/repository/com/fasterxml/jackson/core/jackson-databind/2.10.3/jackson-databind-2.10.3.jar:/Users/prathameshpatil/.m2/repository/com/fasterxml/jackson/core/jackson-core/2.10.3/jackson-core-2.10.3.jar:/Users/prathameshpatil/.m2/repository/org/bouncycastle/bcpkix-jdk18on/1.75/bcpkix-jdk18on-1.75.jar:/Users/prathameshpatil/.m2/repository/org/bouncycastle/bcprov-jdk18on/1.75/bcprov-jdk18on-1.75.jar:/Users/prathameshpatil/.m2/repository/org/bouncycastle/bcutil-jdk18on/1.75/bcutil-jdk18on-1.75.jar:/Users/prathameshpatil/.m2/repository/org/slf4j/jcl-over-slf4j/1.7.30/jcl-over-slf4j-1.7.30.jar:/Users/prathameshpatil/.m2/repository/com/github/docker-java/docker-java-transport-httpclient5/3.3.3/docker-java-transport-httpclient5-3.3.3.jar:/Users/prathameshpatil/.m2/repository/com/github/docker-java/docker-java-transport/3.3.3/docker-java-transport-3.3.3.jar:/Users/prathameshpatil/.m2/repository/net/java/dev/jna/jna/5.12.1/jna-5.12.1.jar:/Users/prathameshpatil/.m2/repository/org/brotli/dec/0.1.2/dec-0.1.2.jar:/Users/prathameshpatil/.m2/repository/org/apache/commons/commons-lang3/3.13.0/commons-lang3-3.13.0.jar:/Users/prathameshpatil/.m2/repository/org/apache/httpcomponents/client5/httpclient5/5.2.1/httpclient5-5.2.1.jar:/Users/prathameshpatil/.m2/repository/org/apache/httpcomponents/core5/httpcore5/5.2/httpcore5-5.2.jar:/Users/prathameshpatil/.m2/repository/org/apache/httpcomponents/core5/httpcore5-h2/5.2/httpcore5-h2-5.2.jar:/Users/prathameshpatil/.m2/repository/org/seleniumhq/selenium/selenium-java/4.13.0/selenium-java-4.13.0.jar:/Users/prathameshpatil/.m2/repository/org/seleniumhq/selenium/selenium-api/4.13.0/selenium-api-4.13.0.jar:/Users/prathameshpatil/.m2/repository/org/seleniumhq/selenium/selenium-chrome-driver/4.13.0/selenium-chrome-driver-4.13.0.jar:/Users/prathameshpatil/.m2/repository/com/google/auto/service/auto-service-annotations/1.1.1/auto-service-annotations-1.1.1.jar:/Users/prathameshpatil/.m2/repository/com/google/guava/guava/32.1.2-jre/guava-32.1.2-jre.jar:/Users/prathameshpatil/.m2/repository/com/google/guava/failureaccess/1.0.1/failureaccess-1.0.1.jar:/Users/prathameshpatil/.m2/repository/com/google/guava/listenablefuture/9999.0-empty-to-avoid-conflict-with-guava/listenablefuture-9999.0-empty-to-avoid-conflict-with-guava.jar:/Users/prathameshpatil/.m2/repository/com/google/code/findbugs/jsr305/3.0.2/jsr305-3.0.2.jar:/Users/prathameshpatil/.m2/repository/org/checkerframework/checker-qual/3.33.0/checker-qual-3.33.0.jar:/Users/prathameshpatil/.m2/repository/com/google/errorprone/error_prone_annotations/2.18.0/error_prone_annotations-2.18.0.jar:/Users/prathameshpatil/.m2/repository/com/google/j2objc/j2objc-annotations/2.8/j2objc-annotations-2.8.jar:/Users/prathameshpatil/.m2/repository/org/seleniumhq/selenium/selenium-chromium-driver/4.13.0/selenium-chromium-driver-4.13.0.jar:/Users/prathameshpatil/.m2/repository/org/seleniumhq/selenium/selenium-json/4.13.0/selenium-json-4.13.0.jar:/Users/prathameshpatil/.m2/repository/org/seleniumhq/selenium/selenium-manager/4.13.0/selenium-manager-4.13.0.jar:/Users/prathameshpatil/.m2/repository/org/seleniumhq/selenium/selenium-devtools-v115/4.13.0/selenium-devtools-v115-4.13.0.jar:/Users/prathameshpatil/.m2/repository/org/seleniumhq/selenium/selenium-devtools-v116/4.13.0/selenium-devtools-v116-4.13.0.jar:/Users/prathameshpatil/.m2/repository/org/seleniumhq/selenium/selenium-devtools-v117/4.13.0/selenium-devtools-v117-4.13.0.jar:/Users/prathameshpatil/.m2/repository/org/seleniumhq/selenium/selenium-devtools-v85/4.13.0/selenium-devtools-v85-4.13.0.jar:/Users/prathameshpatil/.m2/repository/org/seleniumhq/selenium/selenium-edge-driver/4.13.0/selenium-edge-driver-4.13.0.jar:/Users/prathameshpatil/.m2/repository/org/seleniumhq/selenium/selenium-firefox-driver/4.13.0/selenium-firefox-driver-4.13.0.jar:/Users/prathameshpatil/.m2/repository/org/seleniumhq/selenium/selenium-http/4.13.0/selenium-http-4.13.0.jar:/Users/prathameshpatil/.m2/repository/dev/failsafe/failsafe/3.3.2/failsafe-3.3.2.jar:/Users/prathameshpatil/.m2/repository/org/seleniumhq/selenium/selenium-ie-driver/4.13.0/selenium-ie-driver-4.13.0.jar:/Users/prathameshpatil/.m2/repository/org/seleniumhq/selenium/selenium-remote-driver/4.13.0/selenium-remote-driver-4.13.0.jar:/Users/prathameshpatil/.m2/repository/io/netty/netty-buffer/4.1.96.Final/netty-buffer-4.1.96.Final.jar:/Users/prathameshpatil/.m2/repository/io/netty/netty-codec-http/4.1.96.Final/netty-codec-http-4.1.96.Final.jar:/Users/prathameshpatil/.m2/repository/io/netty/netty-codec/4.1.96.Final/netty-codec-4.1.96.Final.jar:/Users/prathameshpatil/.m2/repository/io/netty/netty-handler/4.1.96.Final/netty-handler-4.1.96.Final.jar:/Users/prathameshpatil/.m2/repository/io/netty/netty-common/4.1.96.Final/netty-common-4.1.96.Final.jar:/Users/prathameshpatil/.m2/repository/io/netty/netty-transport-classes-epoll/4.1.96.Final/netty-transport-classes-epoll-4.1.96.Final.jar:/Users/prathameshpatil/.m2/repository/io/netty/netty-transport-classes-kqueue/4.1.96.Final/netty-transport-classes-kqueue-4.1.96.Final.jar:/Users/prathameshpatil/.m2/repository/io/netty/netty-transport-native-epoll/4.1.96.Final/netty-transport-native-epoll-4.1.96.Final.jar:/Users/prathameshpatil/.m2/repository/io/netty/netty-transport-native-kqueue/4.1.96.Final/netty-transport-native-kqueue-4.1.96.Final.jar:/Users/prathameshpatil/.m2/repository/io/netty/netty-transport-native-unix-common/4.1.96.Final/netty-transport-native-unix-common-4.1.96.Final.jar:/Users/prathameshpatil/.m2/repository/io/netty/netty-transport/4.1.96.Final/netty-transport-4.1.96.Final.jar:/Users/prathameshpatil/.m2/repository/io/netty/netty-resolver/4.1.96.Final/netty-resolver-4.1.96.Final.jar:/Users/prathameshpatil/.m2/repository/io/opentelemetry/opentelemetry-api/1.28.0/opentelemetry-api-1.28.0.jar:/Users/prathameshpatil/.m2/repository/io/opentelemetry/opentelemetry-context/1.28.0/opentelemetry-context-1.28.0.jar:/Users/prathameshpatil/.m2/repository/io/opentelemetry/opentelemetry-exporter-logging/1.28.0/opentelemetry-exporter-logging-1.28.0.jar:/Users/prathameshpatil/.m2/repository/io/opentelemetry/opentelemetry-sdk-metrics/1.28.0/opentelemetry-sdk-metrics-1.28.0.jar:/Users/prathameshpatil/.m2/repository/io/opentelemetry/opentelemetry-extension-incubator/1.28.0-alpha/opentelemetry-extension-incubator-1.28.0-alpha.jar:/Users/prathameshpatil/.m2/repository/io/opentelemetry/opentelemetry-sdk-logs/1.28.0/opentelemetry-sdk-logs-1.28.0.jar:/Users/prathameshpatil/.m2/repository/io/opentelemetry/opentelemetry-sdk-common/1.28.0/opentelemetry-sdk-common-1.28.0.jar:/Users/prathameshpatil/.m2/repository/io/opentelemetry/opentelemetry-sdk-extension-autoconfigure-spi/1.28.0/opentelemetry-sdk-extension-autoconfigure-spi-1.28.0.jar:/Users/prathameshpatil/.m2/repository/io/opentelemetry/opentelemetry-sdk-extension-autoconfigure/1.28.0/opentelemetry-sdk-extension-autoconfigure-1.28.0.jar:/Users/prathameshpatil/.m2/repository/io/opentelemetry/opentelemetry-api-events/1.28.0-alpha/opentelemetry-api-events-1.28.0-alpha.jar:/Users/prathameshpatil/.m2/repository/io/opentelemetry/opentelemetry-sdk-trace/1.28.0/opentelemetry-sdk-trace-1.28.0.jar:/Users/prathameshpatil/.m2/repository/io/opentelemetry/opentelemetry-sdk/1.28.0/opentelemetry-sdk-1.28.0.jar:/Users/prathameshpatil/.m2/repository/io/opentelemetry/opentelemetry-semconv/1.28.0-alpha/opentelemetry-semconv-1.28.0-alpha.jar:/Users/prathameshpatil/.m2/repository/net/bytebuddy/byte-buddy/1.14.5/byte-buddy-1.14.5.jar:/Users/prathameshpatil/.m2/repository/org/asynchttpclient/async-http-client/2.12.3/async-http-client-2.12.3.jar:/Users/prathameshpatil/.m2/repository/org/asynchttpclient/async-http-client-netty-utils/2.12.3/async-http-client-netty-utils-2.12.3.jar:/Users/prathameshpatil/.m2/repository/io/netty/netty-codec-socks/4.1.60.Final/netty-codec-socks-4.1.60.Final.jar:/Users/prathameshpatil/.m2/repository/io/netty/netty-handler-proxy/4.1.60.Final/netty-handler-proxy-4.1.60.Final.jar:/Users/prathameshpatil/.m2/repository/io/netty/netty-transport-native-epoll/4.1.60.Final/netty-transport-native-epoll-4.1.60.Final-linux-x86_64.jar:/Users/prathameshpatil/.m2/repository/io/netty/netty-transport-native-kqueue/4.1.60.Final/netty-transport-native-kqueue-4.1.60.Final-osx-x86_64.jar:/Users/prathameshpatil/.m2/repository/org/reactivestreams/reactive-streams/1.0.3/reactive-streams-1.0.3.jar:/Users/prathameshpatil/.m2/repository/com/typesafe/netty/netty-reactive-streams/2.0.4/netty-reactive-streams-2.0.4.jar:/Users/prathameshpatil/.m2/repository/com/sun/activation/jakarta.activation/1.2.2/jakarta.activation-1.2.2.jar:/Users/prathameshpatil/.m2/repository/org/seleniumhq/selenium/selenium-os/4.13.0/selenium-os-4.13.0.jar:/Users/prathameshpatil/.m2/repository/org/apache/commons/commons-exec/1.3/commons-exec-1.3.jar:/Users/prathameshpatil/.m2/repository/org/seleniumhq/selenium/selenium-safari-driver/4.13.0/selenium-safari-driver-4.13.0.jar:/Users/prathameshpatil/.m2/repository/org/seleniumhq/selenium/selenium-support/4.13.0/selenium-support-4.13.0.jar:/Users/prathameshpatil/.m2/repository/org/apache/poi/poi-ooxml/5.2.2/poi-ooxml-5.2.2.jar:/Users/prathameshpatil/.m2/repository/org/apache/poi/poi/5.2.2/poi-5.2.2.jar:/Users/prathameshpatil/.m2/repository/commons-codec/commons-codec/1.15/commons-codec-1.15.jar:/Users/prathameshpatil/.m2/repository/org/apache/commons/commons-math3/3.6.1/commons-math3-3.6.1.jar:/Users/prathameshpatil/.m2/repository/com/zaxxer/SparseBitSet/1.2/SparseBitSet-1.2.jar:/Users/prathameshpatil/.m2/repository/org/apache/poi/poi-ooxml-lite/5.2.2/poi-ooxml-lite-5.2.2.jar:/Users/prathameshpatil/.m2/repository/org/apache/xmlbeans/xmlbeans/5.0.3/xmlbeans-5.0.3.jar:/Users/prathameshpatil/.m2/repository/org/apache/commons/commons-compress/1.21/commons-compress-1.21.jar:/Users/prathameshpatil/.m2/repository/commons-io/commons-io/2.11.0/commons-io-2.11.0.jar:/Users/prathameshpatil/.m2/repository/com/github/virtuald/curvesapi/1.07/curvesapi-1.07.jar:/Users/prathameshpatil/.m2/repository/org/apache/logging/log4j/log4j-api/2.17.2/log4j-api-2.17.2.jar:/Users/prathameshpatil/.m2/repository/org/apache/commons/commons-collections4/4.4/commons-collections4-4.4.jar:/Users/prathameshpatil/.m2/repository/org/testng/testng/7.8.0/testng-7.8.0.jar:/Users/prathameshpatil/.m2/repository/com/beust/jcommander/1.82/jcommander-1.82.jar:/Users/prathameshpatil/.m2/repository/org/webjars/jquery/3.6.1/jquery-3.6.1.jar:"/>
    <property name="java.vm.vendor" value="Homebrew"/>
    <property name="sun.arch.data.model" value="64"/>
    <property name="java.vendor.url" value="https://github.com/Homebrew/homebrew-core/issues"/>
    <property name="os.name" value="Mac OS X"/>
    <property name="java.vm.specification.version" value="21"/>
    <property name="sun.java.launcher" value="SUN_STANDARD"/>
    <property name="user.country" value="NL"/>
    <property name="sun.boot.library.path" value="/opt/homebrew/Cellar/openjdk/21.0.1/libexec/openjdk.jdk/Contents/Home/lib"/>
    <property name="sun.java.command" value="/Users/prathameshpatil/Desktop/Test folder/JavaSelenium/saledemo/target/surefire/surefirebooter1939622250166462822.jar /Users/prathameshpatil/Desktop/Test folder/JavaSelenium/saledemo/target/surefire 2024-08-01T23-46-38_221-jvmRun1 surefire16403485195036376360tmp surefire_012507581996320970353tmp"/>
    <property name="http.nonProxyHosts" value="local|*.local|169.254/16|*.169.254/16"/>
    <property name="jdk.debug" value="release"/>
    <property name="surefire.test.class.path" value="/Users/prathameshpatil/Desktop/Test folder/JavaSelenium/saledemo/target/test-classes:/Users/prathameshpatil/Desktop/Test folder/JavaSelenium/saledemo/target/classes:/Users/prathameshpatil/.m2/repository/junit/junit/4.11/junit-4.11.jar:/Users/prathameshpatil/.m2/repository/org/hamcrest/hamcrest-core/1.3/hamcrest-core-1.3.jar:/Users/prathameshpatil/.m2/repository/io/github/bonigarcia/webdrivermanager/5.5.3/webdrivermanager-5.5.3.jar:/Users/prathameshpatil/.m2/repository/org/slf4j/slf4j-api/2.0.7/slf4j-api-2.0.7.jar:/Users/prathameshpatil/.m2/repository/com/google/code/gson/gson/2.10.1/gson-2.10.1.jar:/Users/prathameshpatil/.m2/repository/com/github/docker-java/docker-java/3.3.3/docker-java-3.3.3.jar:/Users/prathameshpatil/.m2/repository/com/github/docker-java/docker-java-core/3.3.3/docker-java-core-3.3.3.jar:/Users/prathameshpatil/.m2/repository/com/github/docker-java/docker-java-api/3.3.3/docker-java-api-3.3.3.jar:/Users/prathameshpatil/.m2/repository/com/fasterxml/jackson/core/jackson-annotations/2.10.3/jackson-annotations-2.10.3.jar:/Users/prathameshpatil/.m2/repository/com/fasterxml/jackson/core/jackson-databind/2.10.3/jackson-databind-2.10.3.jar:/Users/prathameshpatil/.m2/repository/com/fasterxml/jackson/core/jackson-core/2.10.3/jackson-core-2.10.3.jar:/Users/prathameshpatil/.m2/repository/org/bouncycastle/bcpkix-jdk18on/1.75/bcpkix-jdk18on-1.75.jar:/Users/prathameshpatil/.m2/repository/org/bouncycastle/bcprov-jdk18on/1.75/bcprov-jdk18on-1.75.jar:/Users/prathameshpatil/.m2/repository/org/bouncycastle/bcutil-jdk18on/1.75/bcutil-jdk18on-1.75.jar:/Users/prathameshpatil/.m2/repository/org/slf4j/jcl-over-slf4j/1.7.30/jcl-over-slf4j-1.7.30.jar:/Users/prathameshpatil/.m2/repository/com/github/docker-java/docker-java-transport-httpclient5/3.3.3/docker-java-transport-httpclient5-3.3.3.jar:/Users/prathameshpatil/.m2/repository/com/github/docker-java/docker-java-transport/3.3.3/docker-java-transport-3.3.3.jar:/Users/prathameshpatil/.m2/repository/net/java/dev/jna/jna/5.12.1/jna-5.12.1.jar:/Users/prathameshpatil/.m2/repository/org/brotli/dec/0.1.2/dec-0.1.2.jar:/Users/prathameshpatil/.m2/repository/org/apache/commons/commons-lang3/3.13.0/commons-lang3-3.13.0.jar:/Users/prathameshpatil/.m2/repository/org/apache/httpcomponents/client5/httpclient5/5.2.1/httpclient5-5.2.1.jar:/Users/prathameshpatil/.m2/repository/org/apache/httpcomponents/core5/httpcore5/5.2/httpcore5-5.2.jar:/Users/prathameshpatil/.m2/repository/org/apache/httpcomponents/core5/httpcore5-h2/5.2/httpcore5-h2-5.2.jar:/Users/prathameshpatil/.m2/repository/org/seleniumhq/selenium/selenium-java/4.13.0/selenium-java-4.13.0.jar:/Users/prathameshpatil/.m2/repository/org/seleniumhq/selenium/selenium-api/4.13.0/selenium-api-4.13.0.jar:/Users/prathameshpatil/.m2/repository/org/seleniumhq/selenium/selenium-chrome-driver/4.13.0/selenium-chrome-driver-4.13.0.jar:/Users/prathameshpatil/.m2/repository/com/google/auto/service/auto-service-annotations/1.1.1/auto-service-annotations-1.1.1.jar:/Users/prathameshpatil/.m2/repository/com/google/guava/guava/32.1.2-jre/guava-32.1.2-jre.jar:/Users/prathameshpatil/.m2/repository/com/google/guava/failureaccess/1.0.1/failureaccess-1.0.1.jar:/Users/prathameshpatil/.m2/repository/com/google/guava/listenablefuture/9999.0-empty-to-avoid-conflict-with-guava/listenablefuture-9999.0-empty-to-avoid-conflict-with-guava.jar:/Users/prathameshpatil/.m2/repository/com/google/code/findbugs/jsr305/3.0.2/jsr305-3.0.2.jar:/Users/prathameshpatil/.m2/repository/org/checkerframework/checker-qual/3.33.0/checker-qual-3.33.0.jar:/Users/prathameshpatil/.m2/repository/com/google/errorprone/error_prone_annotations/2.18.0/error_prone_annotations-2.18.0.jar:/Users/prathameshpatil/.m2/repository/com/google/j2objc/j2objc-annotations/2.8/j2objc-annotations-2.8.jar:/Users/prathameshpatil/.m2/repository/org/seleniumhq/selenium/selenium-chromium-driver/4.13.0/selenium-chromium-driver-4.13.0.jar:/Users/prathameshpatil/.m2/repository/org/seleniumhq/selenium/selenium-json/4.13.0/selenium-json-4.13.0.jar:/Users/prathameshpatil/.m2/repository/org/seleniumhq/selenium/selenium-manager/4.13.0/selenium-manager-4.13.0.jar:/Users/prathameshpatil/.m2/repository/org/seleniumhq/selenium/selenium-devtools-v115/4.13.0/selenium-devtools-v115-4.13.0.jar:/Users/prathameshpatil/.m2/repository/org/seleniumhq/selenium/selenium-devtools-v116/4.13.0/selenium-devtools-v116-4.13.0.jar:/Users/prathameshpatil/.m2/repository/org/seleniumhq/selenium/selenium-devtools-v117/4.13.0/selenium-devtools-v117-4.13.0.jar:/Users/prathameshpatil/.m2/repository/org/seleniumhq/selenium/selenium-devtools-v85/4.13.0/selenium-devtools-v85-4.13.0.jar:/Users/prathameshpatil/.m2/repository/org/seleniumhq/selenium/selenium-edge-driver/4.13.0/selenium-edge-driver-4.13.0.jar:/Users/prathameshpatil/.m2/repository/org/seleniumhq/selenium/selenium-firefox-driver/4.13.0/selenium-firefox-driver-4.13.0.jar:/Users/prathameshpatil/.m2/repository/org/seleniumhq/selenium/selenium-http/4.13.0/selenium-http-4.13.0.jar:/Users/prathameshpatil/.m2/repository/dev/failsafe/failsafe/3.3.2/failsafe-3.3.2.jar:/Users/prathameshpatil/.m2/repository/org/seleniumhq/selenium/selenium-ie-driver/4.13.0/selenium-ie-driver-4.13.0.jar:/Users/prathameshpatil/.m2/repository/org/seleniumhq/selenium/selenium-remote-driver/4.13.0/selenium-remote-driver-4.13.0.jar:/Users/prathameshpatil/.m2/repository/io/netty/netty-buffer/4.1.96.Final/netty-buffer-4.1.96.Final.jar:/Users/prathameshpatil/.m2/repository/io/netty/netty-codec-http/4.1.96.Final/netty-codec-http-4.1.96.Final.jar:/Users/prathameshpatil/.m2/repository/io/netty/netty-codec/4.1.96.Final/netty-codec-4.1.96.Final.jar:/Users/prathameshpatil/.m2/repository/io/netty/netty-handler/4.1.96.Final/netty-handler-4.1.96.Final.jar:/Users/prathameshpatil/.m2/repository/io/netty/netty-common/4.1.96.Final/netty-common-4.1.96.Final.jar:/Users/prathameshpatil/.m2/repository/io/netty/netty-transport-classes-epoll/4.1.96.Final/netty-transport-classes-epoll-4.1.96.Final.jar:/Users/prathameshpatil/.m2/repository/io/netty/netty-transport-classes-kqueue/4.1.96.Final/netty-transport-classes-kqueue-4.1.96.Final.jar:/Users/prathameshpatil/.m2/repository/io/netty/netty-transport-native-epoll/4.1.96.Final/netty-transport-native-epoll-4.1.96.Final.jar:/Users/prathameshpatil/.m2/repository/io/netty/netty-transport-native-kqueue/4.1.96.Final/netty-transport-native-kqueue-4.1.96.Final.jar:/Users/prathameshpatil/.m2/repository/io/netty/netty-transport-native-unix-common/4.1.96.Final/netty-transport-native-unix-common-4.1.96.Final.jar:/Users/prathameshpatil/.m2/repository/io/netty/netty-transport/4.1.96.Final/netty-transport-4.1.96.Final.jar:/Users/prathameshpatil/.m2/repository/io/netty/netty-resolver/4.1.96.Final/netty-resolver-4.1.96.Final.jar:/Users/prathameshpatil/.m2/repository/io/opentelemetry/opentelemetry-api/1.28.0/opentelemetry-api-1.28.0.jar:/Users/prathameshpatil/.m2/repository/io/opentelemetry/opentelemetry-context/1.28.0/opentelemetry-context-1.28.0.jar:/Users/prathameshpatil/.m2/repository/io/opentelemetry/opentelemetry-exporter-logging/1.28.0/opentelemetry-exporter-logging-1.28.0.jar:/Users/prathameshpatil/.m2/repository/io/opentelemetry/opentelemetry-sdk-metrics/1.28.0/opentelemetry-sdk-metrics-1.28.0.jar:/Users/prathameshpatil/.m2/repository/io/opentelemetry/opentelemetry-extension-incubator/1.28.0-alpha/opentelemetry-extension-incubator-1.28.0-alpha.jar:/Users/prathameshpatil/.m2/repository/io/opentelemetry/opentelemetry-sdk-logs/1.28.0/opentelemetry-sdk-logs-1.28.0.jar:/Users/prathameshpatil/.m2/repository/io/opentelemetry/opentelemetry-sdk-common/1.28.0/opentelemetry-sdk-common-1.28.0.jar:/Users/prathameshpatil/.m2/repository/io/opentelemetry/opentelemetry-sdk-extension-autoconfigure-spi/1.28.0/opentelemetry-sdk-extension-autoconfigure-spi-1.28.0.jar:/Users/prathameshpatil/.m2/repository/io/opentelemetry/opentelemetry-sdk-extension-autoconfigure/1.28.0/opentelemetry-sdk-extension-autoconfigure-1.28.0.jar:/Users/prathameshpatil/.m2/repository/io/opentelemetry/opentelemetry-api-events/1.28.0-alpha/opentelemetry-api-events-1.28.0-alpha.jar:/Users/prathameshpatil/.m2/repository/io/opentelemetry/opentelemetry-sdk-trace/1.28.0/opentelemetry-sdk-trace-1.28.0.jar:/Users/prathameshpatil/.m2/repository/io/opentelemetry/opentelemetry-sdk/1.28.0/opentelemetry-sdk-1.28.0.jar:/Users/prathameshpatil/.m2/repository/io/opentelemetry/opentelemetry-semconv/1.28.0-alpha/opentelemetry-semconv-1.28.0-alpha.jar:/Users/prathameshpatil/.m2/repository/net/bytebuddy/byte-buddy/1.14.5/byte-buddy-1.14.5.jar:/Users/prathameshpatil/.m2/repository/org/asynchttpclient/async-http-client/2.12.3/async-http-client-2.12.3.jar:/Users/prathameshpatil/.m2/repository/org/asynchttpclient/async-http-client-netty-utils/2.12.3/async-http-client-netty-utils-2.12.3.jar:/Users/prathameshpatil/.m2/repository/io/netty/netty-codec-socks/4.1.60.Final/netty-codec-socks-4.1.60.Final.jar:/Users/prathameshpatil/.m2/repository/io/netty/netty-handler-proxy/4.1.60.Final/netty-handler-proxy-4.1.60.Final.jar:/Users/prathameshpatil/.m2/repository/io/netty/netty-transport-native-epoll/4.1.60.Final/netty-transport-native-epoll-4.1.60.Final-linux-x86_64.jar:/Users/prathameshpatil/.m2/repository/io/netty/netty-transport-native-kqueue/4.1.60.Final/netty-transport-native-kqueue-4.1.60.Final-osx-x86_64.jar:/Users/prathameshpatil/.m2/repository/org/reactivestreams/reactive-streams/1.0.3/reactive-streams-1.0.3.jar:/Users/prathameshpatil/.m2/repository/com/typesafe/netty/netty-reactive-streams/2.0.4/netty-reactive-streams-2.0.4.jar:/Users/prathameshpatil/.m2/repository/com/sun/activation/jakarta.activation/1.2.2/jakarta.activation-1.2.2.jar:/Users/prathameshpatil/.m2/repository/org/seleniumhq/selenium/selenium-os/4.13.0/selenium-os-4.13.0.jar:/Users/prathameshpatil/.m2/repository/org/apache/commons/commons-exec/1.3/commons-exec-1.3.jar:/Users/prathameshpatil/.m2/repository/org/seleniumhq/selenium/selenium-safari-driver/4.13.0/selenium-safari-driver-4.13.0.jar:/Users/prathameshpatil/.m2/repository/org/seleniumhq/selenium/selenium-support/4.13.0/selenium-support-4.13.0.jar:/Users/prathameshpatil/.m2/repository/org/apache/poi/poi-ooxml/5.2.2/poi-ooxml-5.2.2.jar:/Users/prathameshpatil/.m2/repository/org/apache/poi/poi/5.2.2/poi-5.2.2.jar:/Users/prathameshpatil/.m2/repository/commons-codec/commons-codec/1.15/commons-codec-1.15.jar:/Users/prathameshpatil/.m2/repository/org/apache/commons/commons-math3/3.6.1/commons-math3-3.6.1.jar:/Users/prathameshpatil/.m2/repository/com/zaxxer/SparseBitSet/1.2/SparseBitSet-1.2.jar:/Users/prathameshpatil/.m2/repository/org/apache/poi/poi-ooxml-lite/5.2.2/poi-ooxml-lite-5.2.2.jar:/Users/prathameshpatil/.m2/repository/org/apache/xmlbeans/xmlbeans/5.0.3/xmlbeans-5.0.3.jar:/Users/prathameshpatil/.m2/repository/org/apache/commons/commons-compress/1.21/commons-compress-1.21.jar:/Users/prathameshpatil/.m2/repository/commons-io/commons-io/2.11.0/commons-io-2.11.0.jar:/Users/prathameshpatil/.m2/repository/com/github/virtuald/curvesapi/1.07/curvesapi-1.07.jar:/Users/prathameshpatil/.m2/repository/org/apache/logging/log4j/log4j-api/2.17.2/log4j-api-2.17.2.jar:/Users/prathameshpatil/.m2/repository/org/apache/commons/commons-collections4/4.4/commons-collections4-4.4.jar:/Users/prathameshpatil/.m2/repository/org/testng/testng/7.8.0/testng-7.8.0.jar:/Users/prathameshpatil/.m2/repository/com/beust/jcommander/1.82/jcommander-1.82.jar:/Users/prathameshpatil/.m2/repository/org/webjars/jquery/3.6.1/jquery-3.6.1.jar:"/>
    <property name="sun.cpu.endian" value="little"/>
    <property name="user.home" value="/Users/prathameshpatil"/>
    <property name="user.language" value="en"/>
    <property name="java.specification.vendor" value="Oracle Corporation"/>
    <property name="java.version.date" value="2023-10-17"/>
    <property name="java.home" value="/opt/homebrew/Cellar/openjdk/21.0.1/libexec/openjdk.jdk/Contents/Home"/>
    <property name="file.separator" value="/"/>
    <property name="basedir" value="/Users/prathameshpatil/Desktop/Test folder/JavaSelenium/saledemo"/>
    <property name="java.vm.compressedOopsMode" value="Zero based"/>
    <property name="line.separator" value="&#10;"/>
    <property name="java.vm.specification.vendor" value="Oracle Corporation"/>
    <property name="java.specification.name" value="Java Platform API Specification"/>
    <property name="apple.awt.application.name" value="ForkedBooter"/>
    <property name="surefire.real.class.path" value="/Users/prathameshpatil/Desktop/Test folder/JavaSelenium/saledemo/target/surefire/surefirebooter1939622250166462822.jar"/>
    <property name="sun.management.compiler" value="HotSpot 64-Bit Tiered Compilers"/>
    <property name="ftp.nonProxyHosts" value="local|*.local|169.254/16|*.169.254/16"/>
    <property name="java.runtime.version" value="21.0.1"/>
    <property name="user.name" value="prathameshpatil"/>
    <property name="stdout.encoding" value="UTF-8"/>
    <property name="path.separator" value=":"/>
    <property name="os.version" value="14.5"/>
    <property name="java.runtime.name" value="OpenJDK Runtime Environment"/>
    <property name="file.encoding" value="UTF-8"/>
    <property name="java.vm.name" value="OpenJDK 64-Bit Server VM"/>
    <property name="java.vendor.version" value="Homebrew"/>
    <property name="localRepository" value="/Users/prathameshpatil/.m2/repository"/>
    <property name="java.vendor.url.bug" value="https://github.com/Homebrew/homebrew-core/issues"/>
    <property name="java.io.tmpdir" value="/var/folders/wf/7wtyxyg92x7cyj243_f_s1y80000gn/T/"/>
    <property name="java.version" value="21.0.1"/>
    <property name="user.dir" value="/Users/prathameshpatil/Desktop/Test folder/JavaSelenium/saledemo"/>
    <property name="os.arch" value="aarch64"/>
    <property name="java.vm.specification.name" value="Java Virtual Machine Specification"/>
    <property name="native.encoding" value="UTF-8"/>
    <property name="java.library.path" value="/Users/prathameshpatil/Library/Java/Extensions:/Library/Java/Extensions:/Network/Library/Java/Extensions:/System/Library/Java/Extensions:/usr/lib/java:."/>
    <property name="java.vm.info" value="mixed mode, sharing"/>
    <property name="stderr.encoding" value="UTF-8"/>
    <property name="java.vendor" value="Homebrew"/>
    <property name="java.vm.version" value="21.0.1"/>
    <property name="sun.io.unicode.encoding" value="UnicodeBig"/>
    <property name="socksNonProxyHosts" value="local|*.local|169.254/16|*.169.254/16"/>
    <property name="java.class.version" value="65.0"/>
  </properties>
  <testcase name="Test1" classname="com.salesforceselenium.in.Pages.TestPage" time="12.017"/>
  <testcase name="Test3" classname="com.salesforceselenium.in.Pages.TestPage" time="0.345"/>
  <testcase name="shouldAnswerWithTrue on shouldAnswerWithTrue(com.salesforceselenium.in.AppTest)" classname="com.salesforceselenium.in.AppTest" time="0.001"/>
  <testcase name="testadd on testadd(com.salesforceselenium.in.AppTest)" classname="com.salesforceselenium.in.AppTest" time="0"/>
  <testcase name="testsub on testsub(com.salesforceselenium.in.AppTest)" classname="com.salesforceselenium.in.AppTest" time="0"/>
  <testcase name="testcalc on testcalc(com.salesforceselenium.in.AppTest)" classname="com.salesforceselenium.in.AppTest" time="0"/>
  <testcase name="chat on chat(com.salesforceselenium.in.AppTest)" classname="com.salesforceselenium.in.AppTest" time="0.001"/>
</testsuite>