<?xml version="1.0" encoding="UTF-8"?>
<!-- Generated by org.testng.reporters.JUnitReportReporter -->
<testsuite hostname="Prathameshs-MacBook-Pro.local" failures="0" tests="5" name="com.salesforceselenium.in.AppTest" time="0.011" errors="0" timestamp="2024-08-01T23:47:04 CEST" skipped="0">
  <testcase classname="com.salesforceselenium.in.AppTest" name="testcalc" time="0.002"/>
  <testcase classname="com.salesforceselenium.in.AppTest" name="testadd" time="0.002"/>
  <testcase classname="com.salesforceselenium.in.AppTest" name="testsub" time="0.002"/>
  <testcase classname="com.salesforceselenium.in.AppTest" name="chat" time="0.004"/>
  <testcase classname="com.salesforceselenium.in.AppTest" name="shouldAnswerWithTrue" time="0.001"/>
</testsuite> <!-- com.salesforceselenium.in.AppTest -->
